<?xml version="1.0" encoding="UTF-8"?>
<!-- Generated by org.testng.reporters.JUnitReportReporter -->
<testsuite hostname="Chikkus_hp" failures="1" tests="3" name="com.obsqura.testscripts.ManageOfferCodeTest" time="36.155" errors="0" timestamp="2023-06-14T22:04:04 GMT-04:00" skipped="2">
  <testcase classname="com.obsqura.testscripts.ManageOfferCodeTest" name="verifySearchFunctionalityInManageOfferCodePageByEnteringAnOfferCode" time="10.682">
    <skipped/>
  </testcase> <!-- verifySearchFunctionalityInManageOfferCodePageByEnteringAnOfferCode -->
  <system-out/>
  <testcase classname="com.obsqura.testscripts.ManageOfferCodeTest" name="verifySearchFunctionalityInManageOfferCodePageByEnteringAnOfferCode" time="11.580">
    <failure message=" OfferCode searched and result returned are different expected [....] but found [T156]" type="java.lang.AssertionError">
      <![CDATA[java.lang.AssertionError:  OfferCode searched and result returned are different expected [....] but found [T156]
at org.testng.Assert.fail(Assert.java:99)
at org.testng.Assert.failNotEquals(Assert.java:1037)
at org.testng.Assert.assertEqualsImpl(Assert.java:140)
at org.testng.Assert.assertEquals(Assert.java:122)
at org.testng.Assert.assertEquals(Assert.java:629)
at com.obsqura.testscripts.ManageOfferCodeTest.verifySearchFunctionalityInManageOfferCodePageByEnteringAnOfferCode(ManageOfferCodeTest.java:40)
at java.base/jdk.internal.reflect.NativeMethodAccessorImpl.invoke0(Native Method)
at java.base/jdk.internal.reflect.NativeMethodAccessorImpl.invoke(NativeMethodAccessorImpl.java:62)
at java.base/jdk.internal.reflect.DelegatingMethodAccessorImpl.invoke(DelegatingMethodAccessorImpl.java:43)
at java.base/java.lang.reflect.Method.invoke(Method.java:566)
at org.testng.internal.MethodInvocationHelper.invokeMethod(MethodInvocationHelper.java:133)
at org.testng.internal.TestInvoker.invokeMethod(TestInvoker.java:598)
at org.testng.internal.TestInvoker.retryFailed(TestInvoker.java:213)
at org.testng.internal.MethodRunner.runInSequence(MethodRunner.java:58)
at org.testng.internal.TestInvoker$MethodInvocationAgent.invoke(TestInvoker.java:824)
at org.testng.internal.TestInvoker.invokeTestMethods(TestInvoker.java:146)
at org.testng.internal.TestMethodWorker.invokeTestMethods(TestMethodWorker.java:146)
at org.testng.internal.TestMethodWorker.run(TestMethodWorker.java:128)
at java.base/java.util.ArrayList.forEach(ArrayList.java:1541)
at org.testng.TestRunner.privateRun(TestRunner.java:794)
at org.testng.TestRunner.run(TestRunner.java:596)
at org.testng.SuiteRunner.runTest(SuiteRunner.java:377)
at org.testng.SuiteRunner.runSequentially(SuiteRunner.java:371)
at org.testng.SuiteRunner.privateRun(SuiteRunner.java:332)
at org.testng.SuiteRunner.run(SuiteRunner.java:276)
at org.testng.SuiteRunnerWorker.runSuite(SuiteRunnerWorker.java:53)
at org.testng.SuiteRunnerWorker.run(SuiteRunnerWorker.java:96)
at org.testng.TestNG.runSuitesSequentially(TestNG.java:1212)
at org.testng.TestNG.runSuitesLocally(TestNG.java:1134)
at org.testng.TestNG.runSuites(TestNG.java:1063)
at org.testng.TestNG.run(TestNG.java:1031)
at org.testng.remote.AbstractRemoteTestNG.run(AbstractRemoteTestNG.java:115)
at org.testng.remote.RemoteTestNG.initAndRun(RemoteTestNG.java:251)
at org.testng.remote.RemoteTestNG.main(RemoteTestNG.java:77)
]]>
    </failure>
  </testcase> <!-- verifySearchFunctionalityInManageOfferCodePageByEnteringAnOfferCode -->
  <system-out/>
  <testcase classname="com.obsqura.testscripts.ManageOfferCodeTest" name="verifySearchFunctionalityInManageOfferCodePageByEnteringAnOfferCode" time="13.893">
    <skipped/>
  </testcase> <!-- verifySearchFunctionalityInManageOfferCodePageByEnteringAnOfferCode -->
  <system-out/>
</testsuite> <!-- com.obsqura.testscripts.ManageOfferCodeTest -->
