<?xml version="1.0" encoding="UTF-8"?>
<testng-results ignored="1" total="3" passed="1" failed="1" skipped="0">
  <reporter-output>
  </reporter-output>
  <suite started-at="2023-06-14T22:29:51 GMT-04:00" name="Suite" finished-at="2023-06-14T22:30:10 GMT-04:00" duration-ms="18467">
    <groups>
    </groups>
    <test started-at="2023-06-14T22:29:51 GMT-04:00" name="Test" finished-at="2023-06-14T22:30:10 GMT-04:00" duration-ms="18467">
      <class name="com.obsqura.testscripts.ManageDeliveryBoyTest">
        <test-method is-config="true" signature="initializeBrowser(java.lang.String)[pri:0, instance:com.obsqura.testscripts.ManageDeliveryBoyTest@73cd37c0]" started-at="2023-06-14T22:29:51 GMT-04:00" name="initializeBrowser" finished-at="2023-06-14T22:29:56 GMT-04:00" duration-ms="5403" status="PASS">
          <params>
            <param index="0">
              <value>
                <![CDATA[chrome]]>
              </value>
            </param>
          </params>
          <reporter-output>
          </reporter-output>
        </test-method> <!-- initializeBrowser -->
        <test-method signature="verifyEditDeliveryBoyFunctionalityFromManageDeliveryBoyPageByEditingPhoneNumberAndAddress(java.lang.String)[pri:0, instance:com.obsqura.testscripts.ManageDeliveryBoyTest@73cd37c0]" started-at="2023-06-14T22:29:56 GMT-04:00" name="verifyEditDeliveryBoyFunctionalityFromManageDeliveryBoyPageByEditingPhoneNumberAndAddress" data-provider="DeliveryBoyNameProvider" finished-at="2023-06-14T22:30:02 GMT-04:00" duration-ms="5699" status="PASS">
          <params>
            <param index="0">
              <value>
                <![CDATA[Rolland Gerlach]]>
              </value>
            </param>
          </params>
          <reporter-output>
          </reporter-output>
        </test-method> <!-- verifyEditDeliveryBoyFunctionalityFromManageDeliveryBoyPageByEditingPhoneNumberAndAddress -->
        <test-method is-config="true" signature="browserQuit(org.testng.ITestResult)[pri:0, instance:com.obsqura.testscripts.ManageDeliveryBoyTest@73cd37c0]" started-at="2023-06-14T22:30:02 GMT-04:00" name="browserQuit" finished-at="2023-06-14T22:30:03 GMT-04:00" duration-ms="342" status="PASS">
          <params>
            <param index="0">
              <value>
                <![CDATA[[TestResult name=verifyEditDeliveryBoyFunctionalityFromManageDeliveryBoyPageByEditingPhoneNumberAndAddress status=SUCCESS method=ManageDeliveryBoyTest.verifyEditDeliveryBoyFunctionalityFromManageDeliveryBoyPageByEditingPhoneNumberAndAddress(java.lang.String)[pri:0, instance:com.obsqura.testscripts.ManageDeliveryBoyTest@73cd37c0] output={null}]]]>
              </value>
            </param>
          </params>
          <reporter-output>
          </reporter-output>
        </test-method> <!-- browserQuit -->
        <test-method is-config="true" signature="initializeBrowser(java.lang.String)[pri:0, instance:com.obsqura.testscripts.ManageDeliveryBoyTest@73cd37c0]" started-at="2023-06-14T22:30:03 GMT-04:00" name="initializeBrowser" finished-at="2023-06-14T22:30:06 GMT-04:00" duration-ms="3410" status="PASS">
          <params>
            <param index="0">
              <value>
                <![CDATA[chrome]]>
              </value>
            </param>
          </params>
          <reporter-output>
          </reporter-output>
        </test-method> <!-- initializeBrowser -->
        <test-method signature="verifyEditDeliveryBoyFunctionalityFromManageDeliveryBoyPageByEditingPhoneNumberAndAddress(java.lang.String)[pri:0, instance:com.obsqura.testscripts.ManageDeliveryBoyTest@73cd37c0]" started-at="2023-06-14T22:30:06 GMT-04:00" name="verifyEditDeliveryBoyFunctionalityFromManageDeliveryBoyPageByEditingPhoneNumberAndAddress" data-provider="DeliveryBoyNameProvider" finished-at="2023-06-14T22:30:09 GMT-04:00" duration-ms="3198" status="FAIL">
          <params>
            <param index="0">
              <value>
                <![CDATA[Home]]>
              </value>
            </param>
          </params>
          <exception class="org.openqa.selenium.NoSuchElementException">
            <message>
              <![CDATA[no such element: Unable to locate element: {"method":"xpath","selector":"//a[@class='btn btn-sm btn btn-primary btncss']"}
  (Session info: chrome=114.0.5735.110)
For documentation on this error, please visit: https://selenium.dev/exceptions/#no_such_element
Build info: version: '4.9.1', revision: 'eb2032df7f'
System info: os.name: 'Windows 11', os.arch: 'amd64', os.version: '10.0', java.version: '11.0.18'
Driver info: org.openqa.selenium.chrome.ChromeDriver
Command: [c7299b41117e99d456a381364de3e5d6, findElement {using=xpath, value=//a[@class='btn btn-sm btn btn-primary btncss']}]
Capabilities {acceptInsecureCerts: false, browserName: chrome, browserVersion: 114.0.5735.110, chrome: {chromedriverVersion: 114.0.5735.90 (386bc09e8f4f..., userDataDir: C:\Users\angit\AppData\Loca...}, goog:chromeOptions: {debuggerAddress: localhost:55936}, networkConnectionEnabled: false, pageLoadStrategy: normal, platformName: windows, proxy: Proxy(), se:cdp: ws://localhost:55936/devtoo..., se:cdpVersion: 114.0.5735.110, setWindowRect: true, strictFileInteractability: false, timeouts: {implicit: 0, pageLoad: 300000, script: 30000}, unhandledPromptBehavior: dismiss and notify, webauthn:extension:credBlob: true, webauthn:extension:largeBlob: true, webauthn:extension:minPinLength: true, webauthn:extension:prf: true, webauthn:virtualAuthenticators: true}
Session ID: c7299b41117e99d456a381364de3e5d6]]>
            </message>
            <full-stacktrace>
              <![CDATA[org.openqa.selenium.NoSuchElementException: no such element: Unable to locate element: {"method":"xpath","selector":"//a[@class='btn btn-sm btn btn-primary btncss']"}
  (Session info: chrome=114.0.5735.110)
For documentation on this error, please visit: https://selenium.dev/exceptions/#no_such_element
Build info: version: '4.9.1', revision: 'eb2032df7f'
System info: os.name: 'Windows 11', os.arch: 'amd64', os.version: '10.0', java.version: '11.0.18'
Driver info: org.openqa.selenium.chrome.ChromeDriver
Command: [c7299b41117e99d456a381364de3e5d6, findElement {using=xpath, value=//a[@class='btn btn-sm btn btn-primary btncss']}]
Capabilities {acceptInsecureCerts: false, browserName: chrome, browserVersion: 114.0.5735.110, chrome: {chromedriverVersion: 114.0.5735.90 (386bc09e8f4f..., userDataDir: C:\Users\angit\AppData\Loca...}, goog:chromeOptions: {debuggerAddress: localhost:55936}, networkConnectionEnabled: false, pageLoadStrategy: normal, platformName: windows, proxy: Proxy(), se:cdp: ws://localhost:55936/devtoo..., se:cdpVersion: 114.0.5735.110, setWindowRect: true, strictFileInteractability: false, timeouts: {implicit: 0, pageLoad: 300000, script: 30000}, unhandledPromptBehavior: dismiss and notify, webauthn:extension:credBlob: true, webauthn:extension:largeBlob: true, webauthn:extension:minPinLength: true, webauthn:extension:prf: true, webauthn:virtualAuthenticators: true}
Session ID: c7299b41117e99d456a381364de3e5d6
at java.base/jdk.internal.reflect.NativeConstructorAccessorImpl.newInstance0(Native Method)
at java.base/jdk.internal.reflect.NativeConstructorAccessorImpl.newInstance(NativeConstructorAccessorImpl.java:62)
at java.base/jdk.internal.reflect.DelegatingConstructorAccessorImpl.newInstance(DelegatingConstructorAccessorImpl.java:45)
at java.base/java.lang.reflect.Constructor.newInstance(Constructor.java:490)
at org.openqa.selenium.remote.codec.w3c.W3CHttpResponseCodec.createException(W3CHttpResponseCodec.java:200)
at org.openqa.selenium.remote.codec.w3c.W3CHttpResponseCodec.decode(W3CHttpResponseCodec.java:133)
at org.openqa.selenium.remote.codec.w3c.W3CHttpResponseCodec.decode(W3CHttpResponseCodec.java:53)
at org.openqa.selenium.remote.HttpCommandExecutor.execute(HttpCommandExecutor.java:193)
at org.openqa.selenium.remote.service.DriverCommandExecutor.invokeExecute(DriverCommandExecutor.java:183)
at org.openqa.selenium.remote.service.DriverCommandExecutor.execute(DriverCommandExecutor.java:158)
at org.openqa.selenium.remote.RemoteWebDriver.execute(RemoteWebDriver.java:543)
at org.openqa.selenium.remote.ElementLocation$ElementFinder$2.findElement(ElementLocation.java:162)
at org.openqa.selenium.remote.ElementLocation.findElement(ElementLocation.java:60)
at org.openqa.selenium.remote.RemoteWebDriver.findElement(RemoteWebDriver.java:352)
at org.openqa.selenium.remote.RemoteWebDriver.findElement(RemoteWebDriver.java:344)
at org.openqa.selenium.support.pagefactory.DefaultElementLocator.findElement(DefaultElementLocator.java:70)
at org.openqa.selenium.support.pagefactory.internal.LocatingElementHandler.invoke(LocatingElementHandler.java:39)
at com.sun.proxy.$Proxy19.click(Unknown Source)
at com.obsqura.pages.ManageDeliveryBoyPage.clickOnEditButtonInSearchDeliveryBoyPage(ManageDeliveryBoyPage.java:105)
at com.obsqura.testscripts.ManageDeliveryBoyTest.verifyEditDeliveryBoyFunctionalityFromManageDeliveryBoyPageByEditingPhoneNumberAndAddress(ManageDeliveryBoyTest.java:37)
at java.base/jdk.internal.reflect.NativeMethodAccessorImpl.invoke0(Native Method)
at java.base/jdk.internal.reflect.NativeMethodAccessorImpl.invoke(NativeMethodAccessorImpl.java:62)
at java.base/jdk.internal.reflect.DelegatingMethodAccessorImpl.invoke(DelegatingMethodAccessorImpl.java:43)
at java.base/java.lang.reflect.Method.invoke(Method.java:566)
at org.testng.internal.MethodInvocationHelper.invokeMethod(MethodInvocationHelper.java:133)
at org.testng.internal.TestInvoker.invokeMethod(TestInvoker.java:598)
at org.testng.internal.TestInvoker.invokeTestMethod(TestInvoker.java:173)
at org.testng.internal.MethodRunner.runInSequence(MethodRunner.java:46)
at org.testng.internal.TestInvoker$MethodInvocationAgent.invoke(TestInvoker.java:824)
at org.testng.internal.TestInvoker.invokeTestMethods(TestInvoker.java:146)
at org.testng.internal.TestMethodWorker.invokeTestMethods(TestMethodWorker.java:146)
at org.testng.internal.TestMethodWorker.run(TestMethodWorker.java:128)
at java.base/java.util.ArrayList.forEach(ArrayList.java:1541)
at org.testng.TestRunner.privateRun(TestRunner.java:794)
at org.testng.TestRunner.run(TestRunner.java:596)
at org.testng.SuiteRunner.runTest(SuiteRunner.java:377)
at org.testng.SuiteRunner.runSequentially(SuiteRunner.java:371)
at org.testng.SuiteRunner.privateRun(SuiteRunner.java:332)
at org.testng.SuiteRunner.run(SuiteRunner.java:276)
at org.testng.SuiteRunnerWorker.runSuite(SuiteRunnerWorker.java:53)
at org.testng.SuiteRunnerWorker.run(SuiteRunnerWorker.java:96)
at org.testng.TestNG.runSuitesSequentially(TestNG.java:1212)
at org.testng.TestNG.runSuitesLocally(TestNG.java:1134)
at org.testng.TestNG.runSuites(TestNG.java:1063)
at org.testng.TestNG.run(TestNG.java:1031)
at org.testng.remote.AbstractRemoteTestNG.run(AbstractRemoteTestNG.java:115)
at org.testng.remote.RemoteTestNG.initAndRun(RemoteTestNG.java:251)
at org.testng.remote.RemoteTestNG.main(RemoteTestNG.java:77)
]]>
            </full-stacktrace>
          </exception> <!-- org.openqa.selenium.NoSuchElementException -->
          <reporter-output>
          </reporter-output>
        </test-method> <!-- verifyEditDeliveryBoyFunctionalityFromManageDeliveryBoyPageByEditingPhoneNumberAndAddress -->
        <test-method is-config="true" signature="browserQuit(org.testng.ITestResult)[pri:0, instance:com.obsqura.testscripts.ManageDeliveryBoyTest@73cd37c0]" started-at="2023-06-14T22:30:09 GMT-04:00" name="browserQuit" finished-at="2023-06-14T22:30:10 GMT-04:00" duration-ms="350" status="PASS">
          <params>
            <param index="0">
              <value>
                <![CDATA[[TestResult name=verifyEditDeliveryBoyFunctionalityFromManageDeliveryBoyPageByEditingPhoneNumberAndAddress status=FAILURE method=ManageDeliveryBoyTest.verifyEditDeliveryBoyFunctionalityFromManageDeliveryBoyPageByEditingPhoneNumberAndAddress(java.lang.String)[pri:0, instance:com.obsqura.testscripts.ManageDeliveryBoyTest@73cd37c0] output={null}]]]>
              </value>
            </param>
          </params>
          <reporter-output>
          </reporter-output>
        </test-method> <!-- browserQuit -->
      </class> <!-- com.obsqura.testscripts.ManageDeliveryBoyTest -->
    </test> <!-- Test -->
  </suite> <!-- Suite -->
</testng-results>
